2023.02.17 21:56:34 INFO  tracing is disabled for protocol LSP, to enable tracing of incoming and outgoing JSON messages create an empty file at /home/volt/code/cemetery-of-culture/year-3/advanced-functional-thinking/.metals/lsp.trace.json or /home/volt/.cache/metals/lsp.trace.json[0m
2023.02.17 21:56:35 INFO  logging to file /home/volt/code/cemetery-of-culture/year-3/advanced-functional-thinking/.metals/metals.log[0m
2023.02.17 21:56:35 INFO  Started: Metals version 0.11.10 in workspace '/home/volt/code/cemetery-of-culture/year-3/advanced-functional-thinking' for client Visual Studio Code 1.75.0.[0m
SLF4J: No SLF4J providers were found.
SLF4J: Defaulting to no-operation (NOP) logger implementation
SLF4J: See https://www.slf4j.org/codes.html#noProviders for further details.
SLF4J: Class path contains SLF4J bindings targeting slf4j-api versions 1.7.x or earlier.
SLF4J: Ignoring binding found at [jar:file:/home/volt/.cache/coursier/v1/https/repo1.maven.org/maven2/com/outr/scribe-slf4j_2.13/3.10.5/scribe-slf4j_2.13-3.10.5.jar!/org/slf4j/impl/StaticLoggerBinder.class]
SLF4J: See https://www.slf4j.org/codes.html#ignoredBindings for an explanation.
2023.02.17 21:56:36 INFO  time: initialize in 0.97s[0m
2023.02.17 21:56:37 WARN  Build server is not auto-connectable.[0m
2023.02.17 21:56:37 WARN  no build tool detected in workspace '/home/volt/code/cemetery-of-culture/year-3/advanced-functional-thinking'. The most common cause for this problem is that the editor was opened in the wrong working directory, for example if you use sbt then the workspace directory should contain build.sbt. [0m
Feb 17, 2023 9:56:37 PM org.eclipse.lsp4j.jsonrpc.RemoteEndpoint handleCancellation
WARNING: Unmatched cancel notification for request id 1
2023.02.17 21:56:39 WARN  no build target for: /home/volt/code/cemetery-of-culture/year-3/advanced-functional-thinking/experiment-1/to-40.sc[0m
2023.02.17 21:56:41 INFO  no build target found for /home/volt/code/cemetery-of-culture/year-3/advanced-functional-thinking/experiment-1/to-40.sc. Using presentation compiler with project's scala-library version: 3.2.1[0m
2023.02.17 21:56:42 INFO  time: code lens generation in 2.41s[0m
2023.02.17 21:56:42 INFO  time: code lens generation in 4.56s[0m
2023.02.17 21:57:21 WARN  no build target for: /home/volt/code/cemetery-of-culture/year-3/advanced-functional-thinking/experiment-1/prime-numbers.sc[0m
2023.02.17 21:57:28 INFO  Running List(/home/volt/.local/share/coursier/bin/scala-cli, bsp, /home/volt/code/cemetery-of-culture/year-3/advanced-functional-thinking/experiment-1)[0m
2023.02.17 21:57:28 INFO  tracing is disabled for protocol BSP, to enable tracing of incoming and outgoing JSON messages create an empty file at /home/volt/code/cemetery-of-culture/year-3/advanced-functional-thinking/experiment-1/.metals/bsp.trace.json or /home/volt/.cache/metals/bsp.trace.json[0m
2023.02.17 21:57:29 INFO  Scala CLI: Checking https://repo1.maven.org/maven2/org/scala-lang/scala-library/maven-metadata.xml[0m
2023.02.17 21:57:29 INFO  Scala CLI: Checked https://repo1.maven.org/maven2/org/scala-lang/scala-library/maven-metadata.xml[0m
2023.02.17 21:57:29 INFO  Scala CLI: Checking https://repo1.maven.org/maven2/org/scala-lang/scala3-library_3/maven-metadata.xml[0m
2023.02.17 21:57:29 INFO  Scala CLI: Checked https://repo1.maven.org/maven2/org/scala-lang/scala3-library_3/maven-metadata.xml[0m
2023.02.17 21:57:29 INFO  Scala CLI: Downloading https://repo1.maven.org/maven2/org/scala-lang/scala3-library_3/maven-metadata.xml[0m
2023.02.17 21:57:29 INFO  Scala CLI: Downloaded https://repo1.maven.org/maven2/org/scala-lang/scala3-library_3/maven-metadata.xml[0m
2023.02.17 21:57:30 INFO  Scala CLI: Checking https://github.com/VirtusLab/scala-cli-scala-versions/raw/main/scala-versions-v1.json[0m
2023.02.17 21:57:30 INFO  Scala CLI: Checked https://github.com/VirtusLab/scala-cli-scala-versions/raw/main/scala-versions-v1.json[0m
2023.02.17 21:57:30 INFO  Scala CLI: Downloading https://github.com/VirtusLab/scala-cli-scala-versions/raw/main/scala-versions-v1.json[0m
2023.02.17 21:57:30 INFO  Scala CLI: Downloaded https://github.com/VirtusLab/scala-cli-scala-versions/raw/main/scala-versions-v1.json[0m
2023.02.17 21:57:30 INFO  Scala CLI: Starting compilation server[0m
2023.02.17 21:57:30 INFO  Scala CLI: Downloading https://repo1.maven.org/maven2/org/apache/logging/log4j/log4j-core/2.19.0/log4j-core-2.19.0.jar[0m
2023.02.17 21:57:30 INFO  Scala CLI: Downloading https://repo1.maven.org/maven2/org/scala-sbt/zinc-compile-core_2.12/1.8.0/zinc-compile-core_2.12-1.8.0.jar[0m
2023.02.17 21:57:30 INFO  Scala CLI: Downloading https://repo1.maven.org/maven2/io/github/alexarchambault/bleep/bloop-backend_2.12/1.5.6-sc-2/bloop-backend_2.12-1.5.6-sc-2.jar[0m
2023.02.17 21:57:30 INFO  Scala CLI: Downloading https://repo1.maven.org/maven2/org/scalaz/scalaz-effect_2.12/7.2.35/scalaz-effect_2.12-7.2.35.jar[0m
2023.02.17 21:57:30 INFO  Scala CLI: Downloading https://repo1.maven.org/maven2/org/scala-sbt/zinc-apiinfo_2.12/1.8.0/zinc-apiinfo_2.12-1.8.0.jar[0m
2023.02.17 21:57:30 INFO  Scala CLI: Downloading https://repo1.maven.org/maven2/org/scalaz/scalaz-core_2.12/7.2.35/scalaz-core_2.12-7.2.35.jar[0m
2023.02.17 21:57:30 INFO  Scala CLI: Downloaded https://repo1.maven.org/maven2/org/scala-sbt/zinc-compile-core_2.12/1.8.0/zinc-compile-core_2.12-1.8.0.jar[0m
2023.02.17 21:57:30 INFO  Scala CLI: Downloading https://repo1.maven.org/maven2/ch/epfl/scala/scala-debug-adapter_2.12/3.0.5/scala-debug-adapter_2.12-3.0.5.jar[0m
2023.02.17 21:57:32 INFO  Scala CLI: Downloaded https://repo1.maven.org/maven2/org/scala-sbt/zinc-apiinfo_2.12/1.8.0/zinc-apiinfo_2.12-1.8.0.jar[0m
2023.02.17 21:57:32 INFO  Scala CLI: Downloading https://repo1.maven.org/maven2/org/scala-sbt/zinc-persist-core-assembly/1.8.0/zinc-persist-core-assembly-1.8.0.jar[0m
2023.02.17 21:57:32 INFO  Scala CLI: Downloaded https://repo1.maven.org/maven2/io/github/alexarchambault/bleep/bloop-backend_2.12/1.5.6-sc-2/bloop-backend_2.12-1.5.6-sc-2.jar[0m
2023.02.17 21:57:32 INFO  Scala CLI: Downloading https://repo1.maven.org/maven2/org/apache/logging/log4j/log4j-api/2.19.0/log4j-api-2.19.0.jar[0m
2023.02.17 21:57:32 INFO  Scala CLI: Downloaded https://repo1.maven.org/maven2/org/apache/logging/log4j/log4j-api/2.19.0/log4j-api-2.19.0.jar[0m
2023.02.17 21:57:32 INFO  Scala CLI: Downloading https://repo1.maven.org/maven2/org/scala-sbt/zinc-persist_2.12/1.8.0/zinc-persist_2.12-1.8.0.jar[0m
2023.02.17 21:57:34 INFO  Scala CLI: Downloaded https://repo1.maven.org/maven2/org/scala-sbt/zinc-persist_2.12/1.8.0/zinc-persist_2.12-1.8.0.jar[0m
2023.02.17 21:57:34 INFO  Scala CLI: Downloading https://repo1.maven.org/maven2/org/scala-sbt/ivy/ivy/2.3.0-sbt-a8f9eb5bf09d0539ea3658a2c2d4e09755b5133e/ivy-2.3.0-sbt-a8f9eb5bf09d0539ea3658a2c2d4e09755b5133e.jar[0m
2023.02.17 21:57:36 INFO  Scala CLI: Downloaded https://repo1.maven.org/maven2/ch/epfl/scala/scala-debug-adapter_2.12/3.0.5/scala-debug-adapter_2.12-3.0.5.jar[0m
2023.02.17 21:57:36 INFO  Scala CLI: Downloading https://repo1.maven.org/maven2/org/scala-sbt/zinc-classpath_2.12/1.8.0/zinc-classpath_2.12-1.8.0.jar[0m
2023.02.17 21:57:36 WARN  no build target for: /home/volt/code/cemetery-of-culture/year-3/advanced-functional-thinking/experiment-1/prime-numbers.sc[0m
2023.02.17 21:57:37 INFO  Scala CLI: Downloaded https://repo1.maven.org/maven2/org/apache/logging/log4j/log4j-core/2.19.0/log4j-core-2.19.0.jar[0m
2023.02.17 21:57:37 INFO  Scala CLI: Downloading https://repo1.maven.org/maven2/org/scala-sbt/util-position_2.12/1.8.0/util-position_2.12-1.8.0.jar[0m
2023.02.17 21:57:37 INFO  Scala CLI: Downloaded https://repo1.maven.org/maven2/org/scala-sbt/util-position_2.12/1.8.0/util-position_2.12-1.8.0.jar[0m
2023.02.17 21:57:37 INFO  Scala CLI: Downloading https://repo1.maven.org/maven2/com/typesafe/ssl-config-core_2.12/0.6.1/ssl-config-core_2.12-0.6.1.jar[0m
2023.02.17 21:57:37 INFO  Scala CLI: Downloaded https://repo1.maven.org/maven2/org/scala-sbt/zinc-classpath_2.12/1.8.0/zinc-classpath_2.12-1.8.0.jar[0m
2023.02.17 21:57:37 INFO  Scala CLI: Downloading https://repo1.maven.org/maven2/org/scala-sbt/zinc_2.12/1.8.0/zinc_2.12-1.8.0.jar[0m
2023.02.17 21:57:37 INFO  Scala CLI: Downloaded https://repo1.maven.org/maven2/org/scalaz/scalaz-effect_2.12/7.2.35/scalaz-effect_2.12-7.2.35.jar[0m
2023.02.17 21:57:37 INFO  Scala CLI: Downloading https://repo1.maven.org/maven2/io/github/alexarchambault/bleep/bloop-frontend_2.12/1.5.6-sc-2/bloop-frontend_2.12-1.5.6-sc-2.jar[0m
2023.02.17 21:57:37 INFO  Scala CLI: Downloaded https://repo1.maven.org/maven2/org/scala-sbt/ivy/ivy/2.3.0-sbt-a8f9eb5bf09d0539ea3658a2c2d4e09755b5133e/ivy-2.3.0-sbt-a8f9eb5bf09d0539ea3658a2c2d4e09755b5133e.jar[0m
2023.02.17 21:57:37 INFO  Scala CLI: Downloading https://repo1.maven.org/maven2/org/scala-sbt/collections_2.12/1.8.0/collections_2.12-1.8.0.jar[0m
2023.02.17 21:57:38 INFO  Scala CLI: Downloaded https://repo1.maven.org/maven2/com/typesafe/ssl-config-core_2.12/0.6.1/ssl-config-core_2.12-0.6.1.jar[0m
2023.02.17 21:57:38 INFO  Scala CLI: Downloading https://repo1.maven.org/maven2/org/scalaz/scalaz-concurrent_2.12/7.2.35/scalaz-concurrent_2.12-7.2.35.jar[0m
2023.02.17 21:57:38 INFO  Scala CLI: Downloaded https://repo1.maven.org/maven2/org/scala-sbt/zinc_2.12/1.8.0/zinc_2.12-1.8.0.jar[0m
2023.02.17 21:57:38 INFO  Scala CLI: Downloading https://repo1.maven.org/maven2/org/scala-sbt/librarymanagement-core_2.12/1.8.0/librarymanagement-core_2.12-1.8.0.jar[0m
2023.02.17 21:57:40 INFO  Scala CLI: Downloaded https://repo1.maven.org/maven2/org/scalaz/scalaz-concurrent_2.12/7.2.35/scalaz-concurrent_2.12-7.2.35.jar[0m
2023.02.17 21:57:40 INFO  Scala CLI: Downloading https://repo1.maven.org/maven2/com/github/plokhotnyuk/jsoniter-scala/jsoniter-scala-macros_2.12/2.13.3.2/jsoniter-scala-macros_2.12-2.13.3.2.jar[0m
2023.02.17 21:57:40 INFO  Scala CLI: Downloaded https://repo1.maven.org/maven2/org/scala-sbt/collections_2.12/1.8.0/collections_2.12-1.8.0.jar[0m
2023.02.17 21:57:40 INFO  Scala CLI: Downloading https://repo1.maven.org/maven2/org/scala-sbt/zinc-classfile_2.12/1.8.0/zinc-classfile_2.12-1.8.0.jar[0m
2023.02.17 21:57:42 INFO  Scala CLI: Downloaded https://repo1.maven.org/maven2/com/github/plokhotnyuk/jsoniter-scala/jsoniter-scala-macros_2.12/2.13.3.2/jsoniter-scala-macros_2.12-2.13.3.2.jar[0m
2023.02.17 21:57:42 INFO  Scala CLI: Downloading https://repo1.maven.org/maven2/ch/epfl/scala/com-microsoft-java-debug-core/0.34.0+11/com-microsoft-java-debug-core-0.34.0+11.jar[0m
2023.02.17 21:57:42 INFO  Scala CLI: Downloaded https://repo1.maven.org/maven2/org/scala-sbt/zinc-classfile_2.12/1.8.0/zinc-classfile_2.12-1.8.0.jar[0m
2023.02.17 21:57:42 INFO  Scala CLI: Downloading https://repo1.maven.org/maven2/com/eed3si9n/shaded-apache-httpasyncclient/0.7.0/shaded-apache-httpasyncclient-0.7.0.jar[0m
2023.02.17 21:57:45 INFO  Scala CLI: Downloaded https://repo1.maven.org/maven2/org/scala-sbt/zinc-persist-core-assembly/1.8.0/zinc-persist-core-assembly-1.8.0.jar[0m
2023.02.17 21:57:45 INFO  Scala CLI: Downloading https://repo1.maven.org/maven2/io/github/alexarchambault/libdaemon/libdaemon_2.12/0.0.11/libdaemon_2.12-0.0.11.jar[0m
2023.02.17 21:57:45 INFO  Scala CLI: Downloaded https://repo1.maven.org/maven2/ch/epfl/scala/com-microsoft-java-debug-core/0.34.0+11/com-microsoft-java-debug-core-0.34.0+11.jar[0m
2023.02.17 21:57:45 INFO  Scala CLI: Downloading https://repo1.maven.org/maven2/ch/epfl/scala/bsp4s_2.12/2.1.0-M3/bsp4s_2.12-2.1.0-M3.jar[0m
2023.02.17 21:57:45 INFO  Scala CLI: Downloaded https://repo1.maven.org/maven2/io/github/alexarchambault/libdaemon/libdaemon_2.12/0.0.11/libdaemon_2.12-0.0.11.jar[0m
2023.02.17 21:57:45 INFO  Scala CLI: Downloading https://repo1.maven.org/maven2/io/zipkin/reporter2/zipkin-sender-urlconnection/2.16.3/zipkin-sender-urlconnection-2.16.3.jar[0m
2023.02.17 21:57:46 INFO  Scala CLI: Downloaded https://repo1.maven.org/maven2/io/zipkin/reporter2/zipkin-sender-urlconnection/2.16.3/zipkin-sender-urlconnection-2.16.3.jar[0m
2023.02.17 21:57:46 INFO  Scala CLI: Downloading https://repo1.maven.org/maven2/org/scala-sbt/io_2.12/1.8.0/io_2.12-1.8.0.jar[0m
2023.02.17 21:57:48 ERROR Timeout waiting for 'build/initialize' response[0m
2023.02.17 21:57:48 WARN  Retrying connection to the build server Scala CLI[0m
2023.02.17 21:57:48 INFO  Running List(/home/volt/.local/share/coursier/bin/scala-cli, bsp, /home/volt/code/cemetery-of-culture/year-3/advanced-functional-thinking/experiment-1)[0m
2023.02.17 21:57:48 INFO  tracing is disabled for protocol BSP, to enable tracing of incoming and outgoing JSON messages create an empty file at /home/volt/code/cemetery-of-culture/year-3/advanced-functional-thinking/experiment-1/.metals/bsp.trace.json or /home/volt/.cache/metals/bsp.trace.json[0m
2023.02.17 21:57:48 INFO  Scala CLI: Starting compilation server[0m
2023.02.17 21:57:48 INFO  Scala CLI: Downloading https://repo1.maven.org/maven2/ch/epfl/scala/bsp4s_2.12/2.1.0-M3/bsp4s_2.12-2.1.0-M3.jar[0m
2023.02.17 21:57:48 INFO  Scala CLI: Downloading https://repo1.maven.org/maven2/org/scala-sbt/librarymanagement-core_2.12/1.8.0/librarymanagement-core_2.12-1.8.0.jar[0m
2023.02.17 21:57:48 INFO  Scala CLI: Downloading https://repo1.maven.org/maven2/org/scalaz/scalaz-core_2.12/7.2.35/scalaz-core_2.12-7.2.35.jar[0m
2023.02.17 21:57:48 INFO  Scala CLI: Downloading https://repo1.maven.org/maven2/com/eed3si9n/shaded-apache-httpasyncclient/0.7.0/shaded-apache-httpasyncclient-0.7.0.jar[0m
2023.02.17 21:57:48 INFO  Scala CLI: Downloading https://repo1.maven.org/maven2/org/scala-sbt/io_2.12/1.8.0/io_2.12-1.8.0.jar[0m
2023.02.17 21:57:48 INFO  Scala CLI: Downloading https://repo1.maven.org/maven2/io/github/alexarchambault/bleep/bloop-frontend_2.12/1.5.6-sc-2/bloop-frontend_2.12-1.5.6-sc-2.jar[0m
2023.02.17 21:57:51 INFO  Scala CLI: Downloaded https://repo1.maven.org/maven2/ch/epfl/scala/bsp4s_2.12/2.1.0-M3/bsp4s_2.12-2.1.0-M3.jar[0m
2023.02.17 21:57:52 INFO  Scala CLI: Downloaded https://repo1.maven.org/maven2/org/scala-sbt/librarymanagement-core_2.12/1.8.0/librarymanagement-core_2.12-1.8.0.jar[0m
2023.02.17 21:57:53 INFO  Scala CLI: Downloaded https://repo1.maven.org/maven2/org/scala-sbt/io_2.12/1.8.0/io_2.12-1.8.0.jar[0m
2023.02.17 21:57:55 INFO  Scala CLI: Downloaded https://repo1.maven.org/maven2/io/github/alexarchambault/bleep/bloop-frontend_2.12/1.5.6-sc-2/bloop-frontend_2.12-1.5.6-sc-2.jar[0m
2023.02.17 21:57:57 INFO  Scala CLI: Downloaded https://repo1.maven.org/maven2/com/eed3si9n/shaded-apache-httpasyncclient/0.7.0/shaded-apache-httpasyncclient-0.7.0.jar[0m
2023.02.17 21:58:02 INFO  Scala CLI: Still downloading:[0m
2023.02.17 21:58:02 INFO  Scala CLI: https://repo1.maven.org/maven2/org/scalaz/scalaz-core_2.12/7.2.35/scalaz-core_2.12-7.2.35.jar (49.95 %, 4238512 / 8486218)[0m
2023.02.17 21:58:02 INFO  Scala CLI: [0m
2023.02.17 21:58:08 ERROR Timeout waiting for 'build/initialize' response[0m
2023.02.17 21:58:08 WARN  Retrying connection to the build server Scala CLI[0m
2023.02.17 21:58:08 INFO  Running List(/home/volt/.local/share/coursier/bin/scala-cli, bsp, /home/volt/code/cemetery-of-culture/year-3/advanced-functional-thinking/experiment-1)[0m
2023.02.17 21:58:08 INFO  tracing is disabled for protocol BSP, to enable tracing of incoming and outgoing JSON messages create an empty file at /home/volt/code/cemetery-of-culture/year-3/advanced-functional-thinking/experiment-1/.metals/bsp.trace.json or /home/volt/.cache/metals/bsp.trace.json[0m
2023.02.17 21:58:08 INFO  Scala CLI: Starting compilation server[0m
2023.02.17 21:58:08 INFO  Scala CLI: Downloading https://repo1.maven.org/maven2/org/scalaz/scalaz-core_2.12/7.2.35/scalaz-core_2.12-7.2.35.jar[0m
2023.02.17 21:58:14 INFO  Scala CLI: Still downloading:[0m
2023.02.17 21:58:14 INFO  Scala CLI: https://repo1.maven.org/maven2/org/scalaz/scalaz-core_2.12/7.2.35/scalaz-core_2.12-7.2.35.jar (72.53 %, 6154834 / 8486218)[0m
2023.02.17 21:58:14 INFO  Scala CLI: [0m
2023.02.17 21:58:20 INFO  Scala CLI: Still downloading:[0m
2023.02.17 21:58:20 INFO  Scala CLI: https://repo1.maven.org/maven2/org/scalaz/scalaz-core_2.12/7.2.35/scalaz-core_2.12-7.2.35.jar (78.91 %, 6696112 / 8486218)[0m
2023.02.17 21:58:20 INFO  Scala CLI: [0m
2023.02.17 21:58:26 INFO  Scala CLI: Still downloading:[0m
2023.02.17 21:58:26 INFO  Scala CLI: https://repo1.maven.org/maven2/org/scalaz/scalaz-core_2.12/7.2.35/scalaz-core_2.12-7.2.35.jar (85.86 %, 7285936 / 8486218)[0m
2023.02.17 21:58:26 INFO  Scala CLI: [0m
2023.02.17 21:58:28 ERROR Timeout waiting for 'build/initialize' response[0m
2023.02.17 21:58:28 WARN  Retrying connection to the build server Scala CLI[0m
2023.02.17 21:58:28 INFO  Running List(/home/volt/.local/share/coursier/bin/scala-cli, bsp, /home/volt/code/cemetery-of-culture/year-3/advanced-functional-thinking/experiment-1)[0m
2023.02.17 21:58:28 INFO  tracing is disabled for protocol BSP, to enable tracing of incoming and outgoing JSON messages create an empty file at /home/volt/code/cemetery-of-culture/year-3/advanced-functional-thinking/experiment-1/.metals/bsp.trace.json or /home/volt/.cache/metals/bsp.trace.json[0m
2023.02.17 21:58:28 INFO  Scala CLI: Starting compilation server[0m
2023.02.17 21:58:28 INFO  Scala CLI: Downloading https://repo1.maven.org/maven2/org/scalaz/scalaz-core_2.12/7.2.35/scalaz-core_2.12-7.2.35.jar[0m
2023.02.17 21:58:32 INFO  Scala CLI: Downloaded https://repo1.maven.org/maven2/org/scalaz/scalaz-core_2.12/7.2.35/scalaz-core_2.12-7.2.35.jar[0m
2023.02.17 21:58:33 INFO  Connected to Scala CLI server v0.1.20[0m
2023.02.17 21:58:33 INFO  Running List(/home/volt/.local/share/coursier/bin/scala-cli, bsp, /home/volt/code/cemetery-of-culture/year-3/advanced-functional-thinking/experiment-1)[0m
2023.02.17 21:58:33 INFO  Shut down connection with build server.[0m
2023.02.17 21:58:33 INFO  tracing is disabled for protocol BSP, to enable tracing of incoming and outgoing JSON messages create an empty file at /home/volt/code/cemetery-of-culture/year-3/advanced-functional-thinking/experiment-1/.metals/bsp.trace.json or /home/volt/.cache/metals/bsp.trace.json[0m
2023.02.17 21:58:33 ERROR Error starting Scala CLIscala.meta.internal.metals.MetalsBspException: BSP connection failed in the attempt to get: WorkspaceBuildTargetsResult
	at scala.meta.internal.metals.BuildServerConnection$$anonfun$1.$anonfun$applyOrElse$7(BuildServerConnection.scala:383)
	at scala.Option.getOrElse(Option.scala:201)
	at scala.meta.internal.metals.BuildServerConnection$$anonfun$1.applyOrElse(BuildServerConnection.scala:381)
	at scala.meta.internal.metals.BuildServerConnection$$anonfun$1.applyOrElse(BuildServerConnection.scala:362)
	at scala.concurrent.impl.Promise$Transformation.run(Promise.scala:490)
	at java.util.concurrent.ThreadPoolExecutor.runWorker(ThreadPoolExecutor.java:1136)
	at java.util.concurrent.ThreadPoolExecutor$Worker.run(ThreadPoolExecutor.java:635)
	at java.lang.Thread.run(Thread.java:833)
Caused by: java.util.concurrent.CancellationException
	at java.util.concurrent.CompletableFuture.cancel(CompletableFuture.java:2478)
	at org.eclipse.lsp4j.jsonrpc.RemoteEndpoint$1.cancel(RemoteEndpoint.java:151)
	at scala.meta.internal.metals.BuildServerConnection.$anonfun$register$2(BuildServerConnection.scala:344)
	at scala.runtime.java8.JFunction0$mcZ$sp.apply(JFunction0$mcZ$sp.scala:17)
	at scala.util.Try$.apply(Try.scala:210)
	at scala.meta.internal.metals.BuildServerConnection.$anonfun$register$1(BuildServerConnection.scala:344)
	at scala.meta.internal.metals.Cancelable$$anon$1.cancel(Cancelable.scala:18)
	at scala.meta.internal.metals.Cancelable$.$anonfun$cancelAll$1(Cancelable.scala:29)
	at scala.collection.immutable.List.foreach(List.scala:333)
	at scala.meta.internal.metals.Cancelable$.cancelAll(Cancelable.scala:28)
	at scala.meta.internal.metals.MutableCancelable.cancel(MutableCancelable.scala:25)
	at scala.meta.internal.metals.BuildServerConnection.cancel(BuildServerConnection.scala:280)
	at scala.meta.internal.metals.BuildServerConnection.$anonfun$shutdown$1(BuildServerConnection.scala:121)
	at scala.meta.internal.metals.BuildServerConnection.$anonfun$shutdown$1$adapted(BuildServerConnection.scala:114)
	at scala.concurrent.impl.Promise$Transformation.run(Promise.scala:467)
	at java.util.concurrent.ThreadPoolExecutor.runWorker(ThreadPoolExecutor.java:1136)
	at java.util.concurrent.ThreadPoolExecutor$Worker.run(ThreadPoolExecutor.java:635)
	at java.lang.Thread.run(Thread.java:833)
[0m
2023.02.17 21:58:34 INFO  Connected to Scala CLI server v0.1.20[0m
2023.02.17 21:58:34 INFO  compiling project_bd2c96d2de (4 scala sources)[0m
2023.02.17 21:58:35 INFO  no build target found for /home/volt/code/cemetery-of-culture/year-3/advanced-functional-thinking/experiment-1/prime-numbers.sc. Using presentation compiler with project's scala-library version: 3.2.1[0m
Feb 17, 2023 9:58:35 PM org.eclipse.lsp4j.jsonrpc.RemoteEndpoint handleCancellation
WARNING: Unmatched cancel notification for request id 63
Feb 17, 2023 9:58:35 PM org.eclipse.lsp4j.jsonrpc.RemoteEndpoint handleCancellation
WARNING: Unmatched cancel notification for request id 61
Feb 17, 2023 9:58:35 PM org.eclipse.lsp4j.jsonrpc.RemoteEndpoint handleCancellation
WARNING: Unmatched cancel notification for request id 58
Feb 17, 2023 9:58:35 PM org.eclipse.lsp4j.jsonrpc.RemoteEndpoint handleCancellation
WARNING: Unmatched cancel notification for request id 67
Feb 17, 2023 9:58:35 PM org.eclipse.lsp4j.jsonrpc.RemoteEndpoint handleCancellation
WARNING: Unmatched cancel notification for request id 70
Feb 17, 2023 9:58:35 PM org.eclipse.lsp4j.jsonrpc.RemoteEndpoint handleCancellation
WARNING: Unmatched cancel notification for request id 72
Feb 17, 2023 9:58:35 PM org.eclipse.lsp4j.jsonrpc.RemoteEndpoint handleCancellation
WARNING: Unmatched cancel notification for request id 71
Feb 17, 2023 9:58:35 PM org.eclipse.lsp4j.jsonrpc.RemoteEndpoint handleCancellation
WARNING: Unmatched cancel notification for request id 74
2023.02.17 21:58:35 WARN  no build target for: /home/volt/code/cemetery-of-culture/year-3/advanced-functional-thinking/experiment-1/to-40.sc[0m
2023.02.17 21:58:36 INFO  no build target found for /home/volt/code/cemetery-of-culture/year-3/advanced-functional-thinking/experiment-1/prime-numbers.sc. Using presentation compiler with project's scala-library version: 3.2.1[0m
Feb 17, 2023 9:58:36 PM org.eclipse.lsp4j.jsonrpc.RemoteEndpoint handleCancellation
WARNING: Unmatched cancel notification for request id 77
Feb 17, 2023 9:58:36 PM org.eclipse.lsp4j.jsonrpc.RemoteEndpoint handleCancellation
WARNING: Unmatched cancel notification for request id 78
Feb 17, 2023 9:58:36 PM org.eclipse.lsp4j.jsonrpc.RemoteEndpoint handleCancellation
WARNING: Unmatched cancel notification for request id 84
Feb 17, 2023 9:58:36 PM org.eclipse.lsp4j.jsonrpc.RemoteEndpoint handleCancellation
WARNING: Unmatched cancel notification for request id 85
Feb 17, 2023 9:58:36 PM org.eclipse.lsp4j.jsonrpc.RemoteEndpoint handleCancellation
WARNING: Unmatched cancel notification for request id 83
Feb 17, 2023 9:58:36 PM org.eclipse.lsp4j.jsonrpc.RemoteEndpoint handleCancellation
WARNING: Unmatched cancel notification for request id 88
Feb 17, 2023 9:58:36 PM org.eclipse.lsp4j.jsonrpc.RemoteEndpoint handleCancellation
WARNING: Unmatched cancel notification for request id 92
Feb 17, 2023 9:58:36 PM org.eclipse.lsp4j.jsonrpc.RemoteEndpoint handleCancellation
WARNING: Unmatched cancel notification for request id 101
Feb 17, 2023 9:58:36 PM org.eclipse.lsp4j.jsonrpc.RemoteEndpoint handleCancellation
WARNING: Unmatched cancel notification for request id 115
Feb 17, 2023 9:58:36 PM org.eclipse.lsp4j.jsonrpc.RemoteEndpoint handleCancellation
WARNING: Unmatched cancel notification for request id 127
Feb 17, 2023 9:58:36 PM org.eclipse.lsp4j.jsonrpc.RemoteEndpoint handleCancellation
WARNING: Unmatched cancel notification for request id 143
Feb 17, 2023 9:58:36 PM org.eclipse.lsp4j.jsonrpc.RemoteEndpoint handleCancellation
WARNING: Unmatched cancel notification for request id 147
Feb 17, 2023 9:58:36 PM org.eclipse.lsp4j.jsonrpc.RemoteEndpoint handleCancellation
WARNING: Unmatched cancel notification for request id 167
Feb 17, 2023 9:58:36 PM org.eclipse.lsp4j.jsonrpc.RemoteEndpoint handleCancellation
WARNING: Unmatched cancel notification for request id 168
2023.02.17 21:58:36 INFO  time: code lens generation in 1.7s[0m
2023.02.17 21:58:36 INFO  time: code lens generation in 1.7s[0m
2023.02.17 21:58:36 INFO  time: code lens generation in 1.74s[0m
2023.02.17 21:58:36 INFO  time: code lens generation in 1.72s[0m
2023.02.17 21:58:36 INFO  time: code lens generation in 1.72s[0m
2023.02.17 21:58:36 INFO  time: code lens generation in 1.75s[0m
2023.02.17 21:58:41 WARN  Could not find java sources in /usr/lib/jvm/src.zip, /usr/lib/jvm/lib/src.zip, /usr/lib/jvm/java-17-openjdk-amd64/src.zip, /usr/lib/jvm/java-17-openjdk-amd64/lib/src.zip. Java symbols will not be available.[0m
2023.02.17 21:58:41 WARN  Could not find java sources in /usr/lib/jvm/src.zip, /usr/lib/jvm/lib/src.zip, /usr/lib/jvm/java-17-openjdk-amd64/src.zip, /usr/lib/jvm/java-17-openjdk-amd64/lib/src.zip. Java symbols will not be available.[0m
2023.02.17 21:58:41 WARN  Could not find java sources in /usr/lib/jvm/src.zip, /usr/lib/jvm/lib/src.zip, /usr/lib/jvm/java-17-openjdk-amd64/src.zip, /usr/lib/jvm/java-17-openjdk-amd64/lib/src.zip. Java symbols will not be available.[0m
2023.02.17 21:58:41 INFO  time: indexed workspace in 1.38s[0m
2023.02.17 21:59:14 INFO  Scala CLI started[0m
Feb 17, 2023 9:59:14 PM org.eclipse.lsp4j.jsonrpc.RemoteEndpoint handleCancellation
WARNING: Unmatched cancel notification for request id 232
Feb 17, 2023 9:59:14 PM org.eclipse.lsp4j.jsonrpc.RemoteEndpoint handleCancellation
WARNING: Unmatched cancel notification for request id 250
Feb 17, 2023 9:59:14 PM org.eclipse.lsp4j.jsonrpc.RemoteEndpoint handleCancellation
WARNING: Unmatched cancel notification for request id 252
Feb 17, 2023 9:59:14 PM org.eclipse.lsp4j.jsonrpc.RemoteEndpoint handleCancellation
WARNING: Unmatched cancel notification for request id 257
Feb 17, 2023 9:59:14 PM org.eclipse.lsp4j.jsonrpc.RemoteEndpoint handleCancellation
WARNING: Unmatched cancel notification for request id 259
Feb 17, 2023 9:59:14 PM org.eclipse.lsp4j.jsonrpc.RemoteEndpoint handleCancellation
WARNING: Unmatched cancel notification for request id 253
Feb 17, 2023 9:59:14 PM org.eclipse.lsp4j.jsonrpc.RemoteEndpoint handleCancellation
WARNING: Unmatched cancel notification for request id 261
Feb 17, 2023 9:59:14 PM org.eclipse.lsp4j.jsonrpc.RemoteEndpoint handleCancellation
WARNING: Unmatched cancel notification for request id 263
Feb 17, 2023 9:59:14 PM org.eclipse.lsp4j.jsonrpc.RemoteEndpoint handleCancellation
WARNING: Unmatched cancel notification for request id 265
Feb 17, 2023 9:59:14 PM org.eclipse.lsp4j.jsonrpc.RemoteEndpoint handleCancellation
WARNING: Unmatched cancel notification for request id 268
Feb 17, 2023 9:59:14 PM org.eclipse.lsp4j.jsonrpc.RemoteEndpoint handleCancellation
WARNING: Unmatched cancel notification for request id 258
Feb 17, 2023 9:59:14 PM org.eclipse.lsp4j.jsonrpc.RemoteEndpoint handleCancellation
WARNING: Unmatched cancel notification for request id 262
Feb 17, 2023 9:59:14 PM org.eclipse.lsp4j.jsonrpc.RemoteEndpoint handleCancellation
WARNING: Unmatched cancel notification for request id 270
Feb 17, 2023 9:59:14 PM org.eclipse.lsp4j.jsonrpc.RemoteEndpoint handleCancellation
WARNING: Unmatched cancel notification for request id 281
Feb 17, 2023 9:59:14 PM org.eclipse.lsp4j.jsonrpc.RemoteEndpoint handleCancellation
WARNING: Unmatched cancel notification for request id 287
Feb 17, 2023 9:59:14 PM org.eclipse.lsp4j.jsonrpc.RemoteEndpoint handleCancellation
WARNING: Unmatched cancel notification for request id 288
2023.02.17 21:59:14 INFO  compiling project_bd2c96d2de (1 scala source)[0m
2023.02.17 21:59:14 INFO  time: compiled project_bd2c96d2de in 0.63s[0m
2023.02.17 21:59:24 INFO  compiling project_bd2c96d2de (1 scala source)[0m
2023.02.17 21:59:24 WARN  Could not load snapshot text for /home/volt/code/cemetery-of-culture/year-3/advanced-functional-thinking/experiment-1/to-40.sc[0m
2023.02.17 21:59:24 INFO  time: compiled project_bd2c96d2de in 0.29s[0m
2023.02.17 21:59:44 INFO  compiling project_bd2c96d2de (1 scala source)[0m
2023.02.17 21:59:44 INFO  time: compiled project_bd2c96d2de in 0.31s[0m
2023.02.17 22:00:22 INFO  compiling project_bd2c96d2de (1 scala source)[0m
2023.02.17 22:00:22 INFO  time: compiled project_bd2c96d2de in 0.15s[0m
2023.02.17 22:00:22 WARN  Could not load snapshot text for /home/volt/code/cemetery-of-culture/year-3/advanced-functional-thinking/experiment-1/to-40.sc[0m
2023.02.17 22:00:22 WARN  Could not load snapshot text for /home/volt/code/cemetery-of-culture/year-3/advanced-functional-thinking/experiment-1/to-40.sc[0m
2023.02.17 22:00:27 WARN  Could not load snapshot text for /home/volt/code/cemetery-of-culture/year-3/advanced-functional-thinking/experiment-1/to-40.sc[0m
2023.02.17 22:00:32 WARN  Could not load snapshot text for /home/volt/code/cemetery-of-culture/year-3/advanced-functional-thinking/experiment-1/to-40.sc[0m
2023.02.17 22:00:34 WARN  Could not load snapshot text for /home/volt/code/cemetery-of-culture/year-3/advanced-functional-thinking/experiment-1/to-40.sc[0m
2023.02.17 22:00:35 WARN  Could not load snapshot text for /home/volt/code/cemetery-of-culture/year-3/advanced-functional-thinking/experiment-1/to-40.sc[0m
2023.02.17 22:00:40 WARN  Could not load snapshot text for /home/volt/code/cemetery-of-culture/year-3/advanced-functional-thinking/experiment-1/to-40.sc[0m
Feb 17, 2023 10:00:50 PM org.eclipse.lsp4j.jsonrpc.RemoteEndpoint handleCancellation
WARNING: Unmatched cancel notification for request id 592
2023.02.17 22:00:52 WARN  Could not load snapshot text for /home/volt/code/cemetery-of-culture/year-3/advanced-functional-thinking/experiment-1/to-40.sc[0m
2023.02.17 22:00:52 WARN  Could not load snapshot text for /home/volt/code/cemetery-of-culture/year-3/advanced-functional-thinking/experiment-1/to-40.sc[0m
2023.02.17 22:00:52 INFO  compiling project_bd2c96d2de (1 scala source)[0m
2023.02.17 22:00:52 WARN  Could not load snapshot text for /home/volt/code/cemetery-of-culture/year-3/advanced-functional-thinking/experiment-1/to-40.sc[0m
2023.02.17 22:00:52 INFO  time: compiled project_bd2c96d2de in 0.26s[0m
2023.02.17 22:01:34 INFO  compiling project_bd2c96d2de (1 scala source)[0m
2023.02.17 22:01:34 INFO  time: compiled project_bd2c96d2de in 92ms[0m
2023.02.17 22:03:21 INFO  compiling project_bd2c96d2de (1 scala source)[0m
2023.02.17 22:03:21 INFO  time: compiled project_bd2c96d2de in 0.12s[0m
2023.02.17 22:03:24 INFO  compiling project_bd2c96d2de (1 scala source)[0m
2023.02.17 22:03:24 INFO  time: compiled project_bd2c96d2de in 99ms[0m
2023.02.17 22:03:32 INFO  compiling project_bd2c96d2de (1 scala source)[0m
2023.02.17 22:03:32 INFO  time: compiled project_bd2c96d2de in 89ms[0m
2023.02.17 22:03:34 INFO  compiling project_bd2c96d2de (1 scala source)[0m
2023.02.17 22:03:34 INFO  time: compiled project_bd2c96d2de in 0.25s[0m
2023.02.17 22:04:00 INFO  compiling project_bd2c96d2de (1 scala source)[0m
2023.02.17 22:04:00 WARN  Could not load snapshot text for /home/volt/code/cemetery-of-culture/year-3/advanced-functional-thinking/experiment-1/to-40.sc[0m
2023.02.17 22:04:00 INFO  time: compiled project_bd2c96d2de in 0.22s[0m
2023.02.17 22:04:19 INFO  compiling project_bd2c96d2de (1 scala source)[0m
2023.02.17 22:04:19 INFO  time: compiled project_bd2c96d2de in 0.22s[0m
2023.02.17 22:04:27 INFO  compiling project_bd2c96d2de (1 scala source)[0m
2023.02.17 22:04:27 WARN  Could not load snapshot text for /home/volt/code/cemetery-of-culture/year-3/advanced-functional-thinking/experiment-1/to-40.sc[0m
2023.02.17 22:04:27 INFO  time: compiled project_bd2c96d2de in 0.2s[0m
2023.02.17 22:05:22 INFO  compiling project_bd2c96d2de (1 scala source)[0m
2023.02.17 22:05:22 INFO  time: compiled project_bd2c96d2de in 0.22s[0m
Feb 17, 2023 10:05:37 PM org.eclipse.lsp4j.jsonrpc.RemoteEndpoint handleCancellation
WARNING: Unmatched cancel notification for request id 1243
2023.02.17 22:05:54 INFO  compiling project_bd2c96d2de (1 scala source)[0m
2023.02.17 22:05:54 WARN  Could not load snapshot text for /home/volt/code/cemetery-of-culture/year-3/advanced-functional-thinking/experiment-1/to-40.sc[0m
2023.02.17 22:05:54 INFO  time: compiled project_bd2c96d2de in 0.23s[0m
2023.02.17 22:06:08 INFO  compiling project_bd2c96d2de (1 scala source)[0m
2023.02.17 22:06:08 INFO  time: compiled project_bd2c96d2de in 0.18s[0m
2023.02.17 22:06:33 INFO  compiling project_bd2c96d2de (1 scala source)[0m
2023.02.17 22:06:33 INFO  time: compiled project_bd2c96d2de in 88ms[0m
2023.02.17 22:06:33 WARN  Could not load snapshot text for /home/volt/code/cemetery-of-culture/year-3/advanced-functional-thinking/experiment-1/to-40.sc[0m
2023.02.17 22:06:40 WARN  Could not load snapshot text for /home/volt/code/cemetery-of-culture/year-3/advanced-functional-thinking/experiment-1/to-40.sc[0m
2023.02.17 22:06:41 WARN  Could not load snapshot text for /home/volt/code/cemetery-of-culture/year-3/advanced-functional-thinking/experiment-1/to-40.sc[0m
2023.02.17 22:06:42 WARN  Could not load snapshot text for /home/volt/code/cemetery-of-culture/year-3/advanced-functional-thinking/experiment-1/to-40.sc[0m
2023.02.17 22:06:42 INFO  compiling project_bd2c96d2de (1 scala source)[0m
2023.02.17 22:06:42 INFO  time: compiled project_bd2c96d2de in 51ms[0m
2023.02.17 22:06:42 WARN  Could not load snapshot text for /home/volt/code/cemetery-of-culture/year-3/advanced-functional-thinking/experiment-1/to-40.sc[0m
2023.02.17 22:06:50 WARN  Could not load snapshot text for /home/volt/code/cemetery-of-culture/year-3/advanced-functional-thinking/experiment-1/to-40.sc[0m
2023.02.17 22:06:51 WARN  Could not load snapshot text for /home/volt/code/cemetery-of-culture/year-3/advanced-functional-thinking/experiment-1/to-40.sc[0m
2023.02.17 22:06:51 WARN  Could not load snapshot text for /home/volt/code/cemetery-of-culture/year-3/advanced-functional-thinking/experiment-1/to-40.sc[0m
2023.02.17 22:06:52 WARN  Could not load snapshot text for /home/volt/code/cemetery-of-culture/year-3/advanced-functional-thinking/experiment-1/to-40.sc[0m
2023.02.17 22:06:53 INFO  compiling project_bd2c96d2de (1 scala source)[0m
2023.02.17 22:06:53 WARN  Could not load snapshot text for /home/volt/code/cemetery-of-culture/year-3/advanced-functional-thinking/experiment-1/to-40.sc[0m
2023.02.17 22:06:53 INFO  time: compiled project_bd2c96d2de in 0.18s[0m
2023.02.17 22:07:24 INFO  compiling project_bd2c96d2de (1 scala source)[0m
2023.02.17 22:07:24 INFO  time: compiled project_bd2c96d2de in 0.5s[0m
2023.02.17 22:07:25 INFO  compiling project_bd2c96d2de (1 scala source)[0m
2023.02.17 22:07:25 INFO  time: compiled project_bd2c96d2de in 0.38s[0m
2023.02.17 22:07:33 INFO  compiling project_bd2c96d2de (1 scala source)[0m
2023.02.17 22:07:33 INFO  time: compiled project_bd2c96d2de in 0.42s[0m
2023.02.17 22:07:50 INFO  compiling project_bd2c96d2de (1 scala source)[0m
2023.02.17 22:07:50 INFO  time: compiled project_bd2c96d2de in 0.27s[0m
2023.02.17 22:07:56 INFO  compiling project_bd2c96d2de (1 scala source)[0m
2023.02.17 22:07:56 INFO  time: compiled project_bd2c96d2de in 90ms[0m
2023.02.17 22:08:55 INFO  compiling project_bd2c96d2de (1 scala source)[0m
2023.02.17 22:08:55 INFO  time: compiled project_bd2c96d2de in 0.35s[0m
2023.02.17 22:09:03 INFO  compiling project_bd2c96d2de (1 scala source)[0m
2023.02.17 22:09:03 INFO  time: compiled project_bd2c96d2de in 0.3s[0m
2023.02.17 22:11:31 INFO  compiling project_bd2c96d2de (1 scala source)[0m
2023.02.17 22:11:31 INFO  time: compiled project_bd2c96d2de in 0.61s[0m
2023.02.17 22:11:54 INFO  compiling project_bd2c96d2de (1 scala source)[0m
2023.02.17 22:11:54 INFO  time: compiled project_bd2c96d2de in 0.46s[0m
2023.02.17 22:12:17 WARN  no build target for: /home/volt/code/cemetery-of-culture/year-3/advanced-functional-thinking/experiment-1/1-to-40.sc[0m
2023.02.17 22:12:17 INFO  compiling project_bd2c96d2de (1 scala source)[0m
2023.02.17 22:12:17 INFO  time: compiled project_bd2c96d2de in 0.41s[0m
2023.02.17 22:12:19 WARN  Could not find java sources in /usr/lib/jvm/src.zip, /usr/lib/jvm/lib/src.zip, /usr/lib/jvm/java-17-openjdk-amd64/src.zip, /usr/lib/jvm/java-17-openjdk-amd64/lib/src.zip. Java symbols will not be available.[0m
2023.02.17 22:12:19 WARN  Could not find java sources in /usr/lib/jvm/src.zip, /usr/lib/jvm/lib/src.zip, /usr/lib/jvm/java-17-openjdk-amd64/src.zip, /usr/lib/jvm/java-17-openjdk-amd64/lib/src.zip. Java symbols will not be available.[0m
2023.02.17 22:12:19 WARN  Could not find java sources in /usr/lib/jvm/src.zip, /usr/lib/jvm/lib/src.zip, /usr/lib/jvm/java-17-openjdk-amd64/src.zip, /usr/lib/jvm/java-17-openjdk-amd64/lib/src.zip. Java symbols will not be available.[0m
2023.02.17 22:12:19 INFO  time: indexed workspace in 1.65s[0m
2023.02.17 22:12:27 INFO  compiling project_bd2c96d2de (1 scala source)[0m
2023.02.17 22:12:27 INFO  time: compiled project_bd2c96d2de in 0.27s[0m
2023.02.17 22:12:52 INFO  compiling project_bd2c96d2de (1 scala source)[0m
2023.02.17 22:12:52 INFO  time: compiled project_bd2c96d2de in 0.23s[0m
2023.02.17 22:13:04 INFO  compiling project_bd2c96d2de (1 scala source)[0m
2023.02.17 22:13:04 INFO  time: compiled project_bd2c96d2de in 0.31s[0m
2023.02.17 22:13:31 INFO  compiling project_bd2c96d2de (1 scala source)[0m
2023.02.17 22:13:31 INFO  time: compiled project_bd2c96d2de in 0.38s[0m
2023.02.17 22:13:40 WARN  no build target for: /home/volt/code/cemetery-of-culture/year-3/advanced-functional-thinking/experiment-1/1-to-50.sc[0m
2023.02.17 22:13:40 INFO  compiling project_bd2c96d2de (1 scala source)[0m
2023.02.17 22:13:40 INFO  time: compiled project_bd2c96d2de in 0.39s[0m
2023.02.17 22:13:42 WARN  Could not find java sources in /usr/lib/jvm/src.zip, /usr/lib/jvm/lib/src.zip, /usr/lib/jvm/java-17-openjdk-amd64/src.zip, /usr/lib/jvm/java-17-openjdk-amd64/lib/src.zip. Java symbols will not be available.[0m
2023.02.17 22:13:42 WARN  Could not find java sources in /usr/lib/jvm/src.zip, /usr/lib/jvm/lib/src.zip, /usr/lib/jvm/java-17-openjdk-amd64/src.zip, /usr/lib/jvm/java-17-openjdk-amd64/lib/src.zip. Java symbols will not be available.[0m
2023.02.17 22:13:42 WARN  Could not find java sources in /usr/lib/jvm/src.zip, /usr/lib/jvm/lib/src.zip, /usr/lib/jvm/java-17-openjdk-amd64/src.zip, /usr/lib/jvm/java-17-openjdk-amd64/lib/src.zip. Java symbols will not be available.[0m
2023.02.17 22:13:42 INFO  time: indexed workspace in 1.55s[0m
2023.02.17 22:14:47 INFO  compiling project_bd2c96d2de (1 scala source)[0m
2023.02.17 22:14:47 INFO  time: compiled project_bd2c96d2de in 0.29s[0m
2023.02.17 22:15:13 INFO  compiling project_bd2c96d2de (1 scala source)[0m
2023.02.17 22:15:13 INFO  time: compiled project_bd2c96d2de in 0.24s[0m
2023.02.17 22:15:26 INFO  compiling project_bd2c96d2de (1 scala source)[0m
2023.02.17 22:15:26 INFO  time: compiled project_bd2c96d2de in 0.24s[0m
2023.02.17 22:16:14 INFO  compiling project_bd2c96d2de (1 scala source)[0m
2023.02.17 22:16:14 INFO  time: compiled project_bd2c96d2de in 0.35s[0m
2023.02.17 22:16:18 INFO  compiling project_bd2c96d2de (1 scala source)[0m
2023.02.17 22:16:18 INFO  time: compiled project_bd2c96d2de in 0.22s[0m
2023.02.17 22:19:03 INFO  compiling project_bd2c96d2de (1 scala source)[0m
2023.02.17 22:19:03 INFO  time: compiled project_bd2c96d2de in 0.3s[0m
2023.02.17 22:20:14 INFO  compiling project_bd2c96d2de (1 scala source)[0m
2023.02.17 22:20:14 INFO  time: compiled project_bd2c96d2de in 0.46s[0m
2023.02.17 22:20:16 WARN  no build target for: /home/volt/code/cemetery-of-culture/year-3/advanced-functional-thinking/experiment-1/1-to-50 copy.sc[0m
2023.02.17 22:20:16 INFO  compiling project_bd2c96d2de (1 scala source)[0m
2023.02.17 22:20:16 INFO  time: compiled project_bd2c96d2de in 0.26s[0m
2023.02.17 22:20:18 WARN  Could not find java sources in /usr/lib/jvm/src.zip, /usr/lib/jvm/lib/src.zip, /usr/lib/jvm/java-17-openjdk-amd64/src.zip, /usr/lib/jvm/java-17-openjdk-amd64/lib/src.zip. Java symbols will not be available.[0m
2023.02.17 22:20:18 WARN  Could not find java sources in /usr/lib/jvm/src.zip, /usr/lib/jvm/lib/src.zip, /usr/lib/jvm/java-17-openjdk-amd64/src.zip, /usr/lib/jvm/java-17-openjdk-amd64/lib/src.zip. Java symbols will not be available.[0m
2023.02.17 22:20:18 WARN  Could not find java sources in /usr/lib/jvm/src.zip, /usr/lib/jvm/lib/src.zip, /usr/lib/jvm/java-17-openjdk-amd64/src.zip, /usr/lib/jvm/java-17-openjdk-amd64/lib/src.zip. Java symbols will not be available.[0m
2023.02.17 22:20:18 INFO  time: indexed workspace in 1.54s[0m
2023.02.17 22:20:22 WARN  no build target for: /home/volt/code/cemetery-of-culture/year-3/advanced-functional-thinking/experiment-1/2-to-50.sc[0m
2023.02.17 22:20:22 INFO  compiling project_bd2c96d2de (1 scala source)[0m
2023.02.17 22:20:22 INFO  time: compiled project_bd2c96d2de in 0.26s[0m
2023.02.17 22:20:24 WARN  Could not find java sources in /usr/lib/jvm/src.zip, /usr/lib/jvm/lib/src.zip, /usr/lib/jvm/java-17-openjdk-amd64/src.zip, /usr/lib/jvm/java-17-openjdk-amd64/lib/src.zip. Java symbols will not be available.[0m
2023.02.17 22:20:24 WARN  Could not find java sources in /usr/lib/jvm/src.zip, /usr/lib/jvm/lib/src.zip, /usr/lib/jvm/java-17-openjdk-amd64/src.zip, /usr/lib/jvm/java-17-openjdk-amd64/lib/src.zip. Java symbols will not be available.[0m
2023.02.17 22:20:24 WARN  Could not find java sources in /usr/lib/jvm/src.zip, /usr/lib/jvm/lib/src.zip, /usr/lib/jvm/java-17-openjdk-amd64/src.zip, /usr/lib/jvm/java-17-openjdk-amd64/lib/src.zip. Java symbols will not be available.[0m
2023.02.17 22:20:24 INFO  time: indexed workspace in 1.52s[0m
2023.02.17 22:20:40 INFO  compiling project_bd2c96d2de (1 scala source)[0m
2023.02.17 22:20:40 INFO  time: compiled project_bd2c96d2de in 0.25s[0m
2023.02.17 22:21:23 WARN  no build target for: /home/volt/code/cemetery-of-culture/year-3/advanced-functional-thinking/experiment-1/leap-years-better.sc[0m
2023.02.17 22:21:23 INFO  compiling project_bd2c96d2de (1 scala source)[0m
2023.02.17 22:21:23 INFO  time: compiled project_bd2c96d2de in 0.23s[0m
2023.02.17 22:21:25 INFO  compiling project_bd2c96d2de (1 scala source)[0m
2023.02.17 22:21:25 INFO  time: compiled project_bd2c96d2de in 0.31s[0m
2023.02.17 22:21:25 WARN  Could not find java sources in /usr/lib/jvm/src.zip, /usr/lib/jvm/lib/src.zip, /usr/lib/jvm/java-17-openjdk-amd64/src.zip, /usr/lib/jvm/java-17-openjdk-amd64/lib/src.zip. Java symbols will not be available.[0m
2023.02.17 22:21:25 WARN  Could not find java sources in /usr/lib/jvm/src.zip, /usr/lib/jvm/lib/src.zip, /usr/lib/jvm/java-17-openjdk-amd64/src.zip, /usr/lib/jvm/java-17-openjdk-amd64/lib/src.zip. Java symbols will not be available.[0m
2023.02.17 22:21:25 WARN  Could not find java sources in /usr/lib/jvm/src.zip, /usr/lib/jvm/lib/src.zip, /usr/lib/jvm/java-17-openjdk-amd64/src.zip, /usr/lib/jvm/java-17-openjdk-amd64/lib/src.zip. Java symbols will not be available.[0m
2023.02.17 22:21:25 INFO  time: indexed workspace in 1.98s[0m
Feb 17, 2023 10:21:27 PM org.eclipse.lsp4j.jsonrpc.RemoteEndpoint handleCancellation
WARNING: Unmatched cancel notification for request id 2390
Feb 17, 2023 10:21:27 PM org.eclipse.lsp4j.jsonrpc.RemoteEndpoint handleCancellation
WARNING: Unmatched cancel notification for request id 2392
2023.02.17 22:21:28 INFO  compiling project_bd2c96d2de (1 scala source)[0m
2023.02.17 22:21:28 INFO  time: compiled project_bd2c96d2de in 0.2s[0m
2023.02.17 22:21:34 INFO  compiling project_bd2c96d2de (1 scala source)[0m
2023.02.17 22:21:34 INFO  time: compiled project_bd2c96d2de in 0.2s[0m
2023.02.17 22:21:41 INFO  compiling project_bd2c96d2de (1 scala source)[0m
2023.02.17 22:21:41 INFO  time: compiled project_bd2c96d2de in 0.2s[0m
2023.02.17 22:21:46 INFO  compiling project_bd2c96d2de (1 scala source)[0m
2023.02.17 22:21:46 INFO  time: compiled project_bd2c96d2de in 0.28s[0m
2023.02.17 22:22:18 INFO  compiling project_bd2c96d2de (1 scala source)[0m
2023.02.17 22:22:18 INFO  time: compiled project_bd2c96d2de in 0.2s[0m
2023.02.17 22:23:32 INFO  compiling project_bd2c96d2de (1 scala source)[0m
2023.02.17 22:23:32 INFO  time: compiled project_bd2c96d2de in 0.26s[0m
2023.02.17 22:24:00 INFO  compiling project_bd2c96d2de (1 scala source)[0m
2023.02.17 22:24:00 INFO  time: compiled project_bd2c96d2de in 0.24s[0m
2023.02.17 22:24:04 INFO  compiling project_bd2c96d2de (1 scala source)[0m
2023.02.17 22:24:04 INFO  time: compiled project_bd2c96d2de in 0.23s[0m
2023.02.17 22:24:28 INFO  compiling project_bd2c96d2de (1 scala source)[0m
2023.02.17 22:24:28 INFO  time: compiled project_bd2c96d2de in 0.22s[0m
Feb 17, 2023 10:25:20 PM org.eclipse.lsp4j.jsonrpc.services.GenericEndpoint notify
INFO: Unsupported notification method: $/setTrace
Feb 17, 2023 10:25:28 PM org.eclipse.lsp4j.jsonrpc.services.GenericEndpoint notify
INFO: Unsupported notification method: $/setTrace
2023.02.17 22:27:05 INFO  compiling project_bd2c96d2de (1 scala source)[0m
2023.02.17 22:27:05 INFO  time: compiled project_bd2c96d2de in 0.29s[0m
2023.02.17 22:27:22 INFO  compiling project_bd2c96d2de (1 scala source)[0m
2023.02.17 22:27:22 INFO  time: compiled project_bd2c96d2de in 0.21s[0m
2023.02.17 22:27:41 INFO  compiling project_bd2c96d2de (1 scala source)[0m
2023.02.17 22:27:41 INFO  time: compiled project_bd2c96d2de in 0.23s[0m
2023.02.17 22:28:41 WARN  no build target for: /home/volt/code/cemetery-of-culture/year-3/advanced-functional-thinking/experiment-1/2-to-50 copy.sc[0m
2023.02.17 22:28:41 INFO  compiling project_bd2c96d2de (1 scala source)[0m
2023.02.17 22:28:41 INFO  time: compiled project_bd2c96d2de in 0.29s[0m
2023.02.17 22:28:43 WARN  Could not find java sources in /usr/lib/jvm/src.zip, /usr/lib/jvm/lib/src.zip, /usr/lib/jvm/java-17-openjdk-amd64/src.zip, /usr/lib/jvm/java-17-openjdk-amd64/lib/src.zip. Java symbols will not be available.[0m
2023.02.17 22:28:43 WARN  Could not find java sources in /usr/lib/jvm/src.zip, /usr/lib/jvm/lib/src.zip, /usr/lib/jvm/java-17-openjdk-amd64/src.zip, /usr/lib/jvm/java-17-openjdk-amd64/lib/src.zip. Java symbols will not be available.[0m
2023.02.17 22:28:43 WARN  Could not find java sources in /usr/lib/jvm/src.zip, /usr/lib/jvm/lib/src.zip, /usr/lib/jvm/java-17-openjdk-amd64/src.zip, /usr/lib/jvm/java-17-openjdk-amd64/lib/src.zip. Java symbols will not be available.[0m
2023.02.17 22:28:43 INFO  time: indexed workspace in 1.56s[0m
2023.02.17 22:28:52 WARN  no build target for: /home/volt/code/cemetery-of-culture/year-3/advanced-functional-thinking/experiment-1/3-to-50.sc[0m
2023.02.17 22:28:53 INFO  compiling project_bd2c96d2de (1 scala source)[0m
2023.02.17 22:28:53 INFO  time: compiled project_bd2c96d2de in 0.34s[0m
2023.02.17 22:28:54 WARN  Could not find java sources in /usr/lib/jvm/src.zip, /usr/lib/jvm/lib/src.zip, /usr/lib/jvm/java-17-openjdk-amd64/src.zip, /usr/lib/jvm/java-17-openjdk-amd64/lib/src.zip. Java symbols will not be available.[0m
2023.02.17 22:28:54 WARN  Could not find java sources in /usr/lib/jvm/src.zip, /usr/lib/jvm/lib/src.zip, /usr/lib/jvm/java-17-openjdk-amd64/src.zip, /usr/lib/jvm/java-17-openjdk-amd64/lib/src.zip. Java symbols will not be available.[0m
2023.02.17 22:28:54 WARN  Could not find java sources in /usr/lib/jvm/src.zip, /usr/lib/jvm/lib/src.zip, /usr/lib/jvm/java-17-openjdk-amd64/src.zip, /usr/lib/jvm/java-17-openjdk-amd64/lib/src.zip. Java symbols will not be available.[0m
2023.02.17 22:28:54 INFO  time: indexed workspace in 1.52s[0m
2023.02.17 22:29:33 INFO  compiling project_bd2c96d2de (1 scala source)[0m
2023.02.17 22:29:33 INFO  time: compiled project_bd2c96d2de in 0.3s[0m
2023.02.17 22:30:26 WARN  no build target for: /home/volt/code/cemetery-of-culture/year-3/advanced-functional-thinking/experiment-1/test.sc[0m
2023.02.17 22:30:27 INFO  compiling project_bd2c96d2de (1 scala source)[0m
2023.02.17 22:30:27 INFO  time: compiled project_bd2c96d2de in 0.22s[0m
2023.02.17 22:30:28 WARN  Could not find java sources in /usr/lib/jvm/src.zip, /usr/lib/jvm/lib/src.zip, /usr/lib/jvm/java-17-openjdk-amd64/src.zip, /usr/lib/jvm/java-17-openjdk-amd64/lib/src.zip. Java symbols will not be available.[0m
2023.02.17 22:30:28 WARN  Could not find java sources in /usr/lib/jvm/src.zip, /usr/lib/jvm/lib/src.zip, /usr/lib/jvm/java-17-openjdk-amd64/src.zip, /usr/lib/jvm/java-17-openjdk-amd64/lib/src.zip. Java symbols will not be available.[0m
2023.02.17 22:30:28 WARN  Could not find java sources in /usr/lib/jvm/src.zip, /usr/lib/jvm/lib/src.zip, /usr/lib/jvm/java-17-openjdk-amd64/src.zip, /usr/lib/jvm/java-17-openjdk-amd64/lib/src.zip. Java symbols will not be available.[0m
2023.02.17 22:30:28 INFO  time: indexed workspace in 1.66s[0m
Feb 17, 2023 10:30:30 PM org.eclipse.lsp4j.jsonrpc.RemoteEndpoint handleCancellation
WARNING: Unmatched cancel notification for request id 2911
2023.02.17 22:30:30 INFO  compiling project_bd2c96d2de (1 scala source)[0m
2023.02.17 22:30:30 INFO  time: compiled project_bd2c96d2de in 0.29s[0m
2023.02.17 22:30:30 INFO  compiling project_bd2c96d2de (1 scala source)[0m
2023.02.17 22:30:30 INFO  time: compiled project_bd2c96d2de in 0.29s[0m
2023.02.17 22:31:46 INFO  compiling project_bd2c96d2de (1 scala source)[0m
2023.02.17 22:31:46 INFO  time: compiled project_bd2c96d2de in 0.15s[0m
2023.02.17 22:32:08 INFO  compiling project_bd2c96d2de (1 scala source)[0m
2023.02.17 22:32:08 INFO  time: compiled project_bd2c96d2de in 0.42s[0m
2023.02.17 22:32:50 INFO  compiling project_bd2c96d2de (1 scala source)[0m
2023.02.17 22:32:50 INFO  time: compiled project_bd2c96d2de in 0.31s[0m
2023.02.17 22:33:42 INFO  compiling project_bd2c96d2de (1 scala source)[0m
2023.02.17 22:33:42 INFO  time: compiled project_bd2c96d2de in 0.14s[0m
2023.02.17 22:33:45 INFO  compiling project_bd2c96d2de (1 scala source)[0m
2023.02.17 22:33:45 INFO  time: compiled project_bd2c96d2de in 0.3s[0m
2023.02.17 22:34:05 INFO  compiling project_bd2c96d2de (1 scala source)[0m
2023.02.17 22:34:05 INFO  time: compiled project_bd2c96d2de in 0.22s[0m
2023.02.17 22:36:09 INFO  compiling project_bd2c96d2de (1 scala source)[0m
2023.02.17 22:36:09 INFO  time: compiled project_bd2c96d2de in 0.29s[0m
2023.02.17 22:36:11 INFO  compiling project_bd2c96d2de (1 scala source)[0m
2023.02.17 22:36:11 INFO  time: compiled project_bd2c96d2de in 0.23s[0m
Feb 17, 2023 10:37:03 PM org.eclipse.lsp4j.jsonrpc.RemoteEndpoint handleCancellation
WARNING: Unmatched cancel notification for request id 3154
2023.02.17 22:37:03 INFO  compiling project_bd2c96d2de (1 scala source)[0m
2023.02.17 22:37:03 INFO  time: compiled project_bd2c96d2de in 0.28s[0m
2023.02.17 22:40:34 INFO  compiling project_bd2c96d2de (1 scala source)[0m
2023.02.17 22:40:34 INFO  time: compiled project_bd2c96d2de in 0.24s[0m
2023.02.17 22:41:07 INFO  compiling project_bd2c96d2de (1 scala source)[0m
2023.02.17 22:41:07 INFO  time: compiled project_bd2c96d2de in 0.23s[0m
2023.02.17 22:41:25 INFO  compiling project_bd2c96d2de (1 scala source)[0m
2023.02.17 22:41:25 INFO  time: compiled project_bd2c96d2de in 0.21s[0m
2023.02.17 22:42:36 INFO  compiling project_bd2c96d2de (1 scala source)[0m
2023.02.17 22:42:36 INFO  time: compiled project_bd2c96d2de in 0.24s[0m
2023.02.17 22:42:39 INFO  compiling project_bd2c96d2de (1 scala source)[0m
2023.02.17 22:42:39 INFO  time: compiled project_bd2c96d2de in 0.26s[0m
2023.02.17 22:42:43 INFO  compiling project_bd2c96d2de (1 scala source)[0m
2023.02.17 22:42:43 INFO  time: compiled project_bd2c96d2de in 0.27s[0m
2023.02.17 22:42:45 WARN  Could not load snapshot text for /home/volt/code/cemetery-of-culture/year-3/advanced-functional-thinking/experiment-1/3-to-50.sc[0m
2023.02.17 22:42:46 INFO  compiling project_bd2c96d2de (1 scala source)[0m
2023.02.17 22:42:46 INFO  time: compiled project_bd2c96d2de in 0.27s[0m
2023.02.17 22:46:02 INFO  compiling project_bd2c96d2de (1 scala source)[0m
2023.02.17 22:46:02 INFO  time: compiled project_bd2c96d2de in 0.32s[0m
2023.02.17 23:10:14 INFO  shutting down Metals[0m
2023.02.17 23:10:14 INFO  Shut down connection with build server.[0m
